Ordinary transaction executing, in message id: e826b58af593dd09621031c1f9556af040f42076860d17929d5eeb01bd52ed1c
Account = 0000000000000000000000000000000000000000000000000000000000000000
acc_balance: 18446744073709551615, msg_balance: 0, credit_first: true
import message fee: 1100000, acc_balance: 18446744073709551615
storage_phase
acc_balance: 18446744073708451615, storage fee: 0
storage_phase: present
credit_phase: none
Not set rand_seed_block
compute_phase
msg external
acc balance: 18446744073708451615
msg balance: 0
gas before: gm: 1000000, gl: 0, gc: 1000000, price: 1000
compute_account_state
account state: AccountActive
0 0 0 NOP 
1 118 118 PUSHREFCONT 
2 144 26 POPCTR c3 
3 162 18 PUSH s0 
4 188 26 IFNOTJMPREF 
5 206 18 PUSH s0 
6 232 26 EQINT -1 
7 358 126 IFJMPREF 
8 397 39 RANDU256 
9 423 26 FIND_BY_CODE_HASH 
10 473 0 UNHANDLED EXCEPTION: VM Exception: invalid opcode, code 6, value: 0 C:\Users\user\.cargo\git\checkouts\ton-labs-vm-e0defc7f45b903d3\802aec2\src\executor\engine\core.rs:261 CapIndexAccounts is absent 
BAD CODE: data: 16..96, references: 0..0, data slice:f945fef50168656c6c6f, cell:bits: 96   refs: 0   data: f810f945fef50168656c6c6f


execute result: Err(TvmExceptionFull(invalid opcode, code 6, value 0, file C:\Users\user\.cargo\git\checkouts\ton-labs-vm-e0defc7f45b903d3\802aec2\src\executor\engine\core.rs:261, "CapIndexAccounts is absent"))
VM terminated with exception: VM Exception: invalid opcode, code 6, value: 0 C:\Users\user\.cargo\git\checkouts\ton-labs-vm-e0defc7f45b903d3\802aec2\src\executor\engine\core.rs:261 CapIndexAccounts is absent
VM terminated with exit code 6
